<?xml version="1.0" encoding="UTF-8"?>
<Site BuildName="Linux-g++"
	BuildStamp="20240116-0558-Experimental"
	Name="tudang-XPS-8910"
	Generator="ctest-3.22.1"
	CompilerName="/usr/bin/g++"
	CompilerVersion=""
	OSName="Linux"
	Hostname="tudang-XPS-8910"
	OSRelease="5.15.0-91-generic"
	OSVersion="#101-Ubuntu SMP Tue Nov 14 13:30:08 UTC 2023"
	OSPlatform="x86_64"
	Is64Bits="1"
	VendorString="GenuineIntel"
	VendorID="Intel Corporation"
	FamilyID="6"
	ModelID="94"
	ProcessorCacheSize="8192"
	NumberOfLogicalCPU="8"
	NumberOfPhysicalCPU="4"
	TotalVirtualMemory="2047"
	TotalPhysicalMemory="31995"
	LogicalProcessorsPerPhysical="2"
	ProcessorClockFrequency="3770.61"
	>
	<Testing>
		<StartDateTime>Jan 16 14:58 JST</StartDateTime>
		<StartTestTime>1705384729</StartTestTime>
		<TestList/>
		<EndDateTime>Jan 16 14:58 JST</EndDateTime>
		<EndTestTime>1705384729</EndTestTime>
		<ElapsedMinutes>0</ElapsedMinutes>
	</Testing>
</Site>
